<?xml version="1.0" encoding="utf-8"?><testsuites name="pytest tests"><testsuite name="pytest" errors="0" failures="0" skipped="0" tests="18" time="2.648" timestamp="2026-02-27T16:07:40.647805+00:00" hostname="agent-env-c094f0e9-d7cb-4a42-8b0f-e25dffba6414"><testcase classname="backend.tests.test_api_endpoints.TestAPIRoot" name="test_api_root_returns_200" time="0.148" /><testcase classname="backend.tests.test_api_endpoints.TestSignupEndpoint" name="test_signup_success_with_all_fields" time="0.125" /><testcase classname="backend.tests.test_api_endpoints.TestSignupEndpoint" name="test_signup_with_minimum_required_fields" time="0.143" /><testcase classname="backend.tests.test_api_endpoints.TestSignupEndpoint" name="test_signup_invalid_email_fails" time="0.127" /><testcase classname="backend.tests.test_api_endpoints.TestSignupEndpoint" name="test_signup_missing_name_fails" time="0.129" /><testcase classname="backend.tests.test_api_endpoints.TestContactEndpoint" name="test_contact_success_with_all_fields" time="0.138" /><testcase classname="backend.tests.test_api_endpoints.TestContactEndpoint" name="test_contact_without_name" time="0.127" /><testcase classname="backend.tests.test_api_endpoints.TestContactEndpoint" name="test_contact_missing_email_fails" time="0.102" /><testcase classname="backend.tests.test_api_endpoints.TestContactEndpoint" name="test_contact_missing_phone_fails" time="0.184" /><testcase classname="backend.tests.test_api_endpoints.TestContactEndpoint" name="test_contact_missing_message_fails" time="0.133" /><testcase classname="backend.tests.test_api_endpoints.TestContactEndpoint" name="test_contact_invalid_email_fails" time="0.142" /><testcase classname="backend.tests.test_api_endpoints.TestSignupsListEndpoint" name="test_get_signups_returns_list" time="0.103" /><testcase classname="backend.tests.test_api_endpoints.TestStatusEndpoint" name="test_status_post" time="0.106" /><testcase classname="backend.tests.test_api_endpoints.TestStatusEndpoint" name="test_status_get" time="0.101" /><testcase classname="backend.tests.test_api_endpoints.TestPartialSignupEndpoint" name="test_partial_signup_save_success" time="0.121" /><testcase classname="backend.tests.test_api_endpoints.TestPartialSignupEndpoint" name="test_partial_signup_upsert_updates_existing" time="0.402" /><testcase classname="backend.tests.test_api_endpoints.TestAdminPartialSignupsEndpoint" name="test_get_admin_partial_signups_returns_list" time="0.127" /><testcase classname="backend.tests.test_api_endpoints.TestAdminPartialSignupsEndpoint" name="test_partial_signups_contain_required_fields" time="0.116" /></testsuite></testsuites>