<?xml version="1.0" encoding="utf-8"?><testsuites name="pytest tests"><testsuite name="pytest" errors="0" failures="0" skipped="0" tests="14" time="1.590" timestamp="2026-02-24T07:51:24.143861+00:00" hostname="agent-env-4d649745-38a3-4ec2-b145-7643dd82c103"><testcase classname="backend.tests.test_api_endpoints.TestAPIRoot" name="test_api_root_returns_200" time="0.126" /><testcase classname="backend.tests.test_api_endpoints.TestSignupEndpoint" name="test_signup_success_with_all_fields" time="0.117" /><testcase classname="backend.tests.test_api_endpoints.TestSignupEndpoint" name="test_signup_with_minimum_required_fields" time="0.113" /><testcase classname="backend.tests.test_api_endpoints.TestSignupEndpoint" name="test_signup_invalid_email_fails" time="0.109" /><testcase classname="backend.tests.test_api_endpoints.TestSignupEndpoint" name="test_signup_missing_name_fails" time="0.107" /><testcase classname="backend.tests.test_api_endpoints.TestContactEndpoint" name="test_contact_success_with_all_fields" time="0.104" /><testcase classname="backend.tests.test_api_endpoints.TestContactEndpoint" name="test_contact_without_name" time="0.113" /><testcase classname="backend.tests.test_api_endpoints.TestContactEndpoint" name="test_contact_missing_email_fails" time="0.093" /><testcase classname="backend.tests.test_api_endpoints.TestContactEndpoint" name="test_contact_missing_phone_fails" time="0.102" /><testcase classname="backend.tests.test_api_endpoints.TestContactEndpoint" name="test_contact_missing_message_fails" time="0.111" /><testcase classname="backend.tests.test_api_endpoints.TestContactEndpoint" name="test_contact_invalid_email_fails" time="0.115" /><testcase classname="backend.tests.test_api_endpoints.TestSignupsListEndpoint" name="test_get_signups_returns_list" time="0.106" /><testcase classname="backend.tests.test_api_endpoints.TestStatusEndpoint" name="test_status_post" time="0.121" /><testcase classname="backend.tests.test_api_endpoints.TestStatusEndpoint" name="test_status_get" time="0.096" /></testsuite></testsuites>